<?xml version="1.0" encoding="UTF-8"?>
<!-- Generated by org.testng.reporters.JUnitReportReporter -->
<testsuite hostname="Jayachandrans-MacBook-Pro.local" name="tests.TestSample_1" tests="1" failures="0" timestamp="5 Apr 2019 14:30:34 GMT" time="0.096" errors="0">
  <testcase name="test" time="0.096" classname="tests.TestSample_1"/>
</testsuite>
